<?xml version="1.0" encoding="UTF-8"?>
<!-- Generated by org.testng.reporters.JUnitXMLReporter -->
<testsuite ignored="0" hostname="DESKTOP-EJFPM7V" failures="0" tests="6" name="Default test" time="44.262" errors="0" timestamp="2022-09-16T12:49:26 IST">
  <testcase classname="com.sgtesting.testngseleniumautomation.ModifyUserTestngSeleniumAutomation" name="logIn" time="3.184"/>
  <testcase classname="com.sgtesting.testngseleniumautomation.ModifyUserTestngSeleniumAutomation" name="minimizeFlyOutWindow" time="5.062"/>
  <testcase classname="com.sgtesting.testngseleniumautomation.ModifyUserTestngSeleniumAutomation" name="createUser" time="8.942"/>
  <testcase classname="com.sgtesting.testngseleniumautomation.ModifyUserTestngSeleniumAutomation" name="modifyUser" time="12.371"/>
  <testcase classname="com.sgtesting.testngseleniumautomation.ModifyUserTestngSeleniumAutomation" name="deleteUser" time="6.122"/>
  <testcase classname="com.sgtesting.testngseleniumautomation.ModifyUserTestngSeleniumAutomation" name="logOut" time="3.187"/>
</testsuite> <!-- Default test -->
