<?xml version="1.0" encoding="UTF-8"?>
<!-- Generated by org.testng.reporters.JUnitXMLReporter -->
<testsuite ignored="0" hostname="DESKTOP-EJFPM7V" failures="0" tests="46" name="ActiTime end to end" time="349.601" errors="0" timestamp="2022-09-16T12:55:36 IST">
  <testcase classname="com.sgtesting.testngseleniumautomation.CreateCustomerTestngSeleniumAutomation" name="logIn" time="5.194"/>
  <testcase classname="com.sgtesting.testngseleniumautomation.CreateCustomerTestngSeleniumAutomation" name="minimizeFlyOutWindow" time="5.058"/>
  <testcase classname="com.sgtesting.testngseleniumautomation.CreateCustomerTestngSeleniumAutomation" name="createCustomer" time="12.591"/>
  <testcase classname="com.sgtesting.testngseleniumautomation.CreateCustomerTestngSeleniumAutomation" name="deleteCustomer" time="6.228"/>
  <testcase classname="com.sgtesting.testngseleniumautomation.CreateCustomerTestngSeleniumAutomation" name="logOut" time="3.213"/>
  <testcase classname="com.sgtesting.testngseleniumautomation.CreateProjectTestngSeleniumAutomation" name="logIn" time="5.177"/>
  <testcase classname="com.sgtesting.testngseleniumautomation.CreateProjectTestngSeleniumAutomation" name="minimizeFlyOutWindow" time="5.067"/>
  <testcase classname="com.sgtesting.testngseleniumautomation.CreateProjectTestngSeleniumAutomation" name="createCustomer" time="12.578"/>
  <testcase classname="com.sgtesting.testngseleniumautomation.CreateProjectTestngSeleniumAutomation" name="createProject" time="9.213"/>
  <testcase classname="com.sgtesting.testngseleniumautomation.CreateProjectTestngSeleniumAutomation" name="deleteProject" time="9.23"/>
  <testcase classname="com.sgtesting.testngseleniumautomation.CreateProjectTestngSeleniumAutomation" name="deleteCustomer" time="6.215"/>
  <testcase classname="com.sgtesting.testngseleniumautomation.CreateProjectTestngSeleniumAutomation" name="logOut" time="3.223"/>
  <testcase classname="com.sgtesting.testngseleniumautomation.CreateTasksTestngSeleniumAutomation" name="logIn" time="5.179"/>
  <testcase classname="com.sgtesting.testngseleniumautomation.CreateTasksTestngSeleniumAutomation" name="minimizeFlyOutWindow" time="5.063"/>
  <testcase classname="com.sgtesting.testngseleniumautomation.CreateTasksTestngSeleniumAutomation" name="createCustomer" time="12.529"/>
  <testcase classname="com.sgtesting.testngseleniumautomation.CreateTasksTestngSeleniumAutomation" name="createProject" time="9.219"/>
  <testcase classname="com.sgtesting.testngseleniumautomation.CreateTasksTestngSeleniumAutomation" name="createTask" time="12.586"/>
  <testcase classname="com.sgtesting.testngseleniumautomation.CreateTasksTestngSeleniumAutomation" name="deleteTasks" time="6.165"/>
  <testcase classname="com.sgtesting.testngseleniumautomation.CreateTasksTestngSeleniumAutomation" name="deleteProject" time="9.405"/>
  <testcase classname="com.sgtesting.testngseleniumautomation.CreateTasksTestngSeleniumAutomation" name="deleteCustomer" time="6.211"/>
  <testcase classname="com.sgtesting.testngseleniumautomation.CreateTasksTestngSeleniumAutomation" name="logOut" time="3.209"/>
  <testcase classname="com.sgtesting.testngseleniumautomation.CreateUserTestngSeleniumAutomation" name="logIn" time="3.163"/>
  <testcase classname="com.sgtesting.testngseleniumautomation.CreateUserTestngSeleniumAutomation" name="minimizeFlyOutWindow" time="5.051"/>
  <testcase classname="com.sgtesting.testngseleniumautomation.CreateUserTestngSeleniumAutomation" name="createUser" time="10.2"/>
  <testcase classname="com.sgtesting.testngseleniumautomation.CreateUserTestngSeleniumAutomation" name="deleteUser" time="6.141"/>
  <testcase classname="com.sgtesting.testngseleniumautomation.CreateUserTestngSeleniumAutomation" name="logOut" time="3.307"/>
  <testcase classname="com.sgtesting.testngseleniumautomation.ModifyCustomerTestngSeleniumAutomation" name="logIn" time="5.173"/>
  <testcase classname="com.sgtesting.testngseleniumautomation.ModifyCustomerTestngSeleniumAutomation" name="minimizeFlyOutWindow" time="5.072"/>
  <testcase classname="com.sgtesting.testngseleniumautomation.ModifyCustomerTestngSeleniumAutomation" name="createCustomer" time="12.547"/>
  <testcase classname="com.sgtesting.testngseleniumautomation.ModifyCustomerTestngSeleniumAutomation" name="modifyCustomer" time="7.263"/>
  <testcase classname="com.sgtesting.testngseleniumautomation.ModifyCustomerTestngSeleniumAutomation" name="deleteCustomer" time="6.244"/>
  <testcase classname="com.sgtesting.testngseleniumautomation.ModifyCustomerTestngSeleniumAutomation" name="logOut" time="3.171"/>
  <testcase classname="com.sgtesting.testngseleniumautomation.ModifyProjectTestngSeleniumAutomation" name="logIn" time="5.167"/>
  <testcase classname="com.sgtesting.testngseleniumautomation.ModifyProjectTestngSeleniumAutomation" name="minimizeFlyOutWindow" time="5.073"/>
  <testcase classname="com.sgtesting.testngseleniumautomation.ModifyProjectTestngSeleniumAutomation" name="createCustomer" time="12.527"/>
  <testcase classname="com.sgtesting.testngseleniumautomation.ModifyProjectTestngSeleniumAutomation" name="createProject" time="9.194"/>
  <testcase classname="com.sgtesting.testngseleniumautomation.ModifyProjectTestngSeleniumAutomation" name="modifyProject" time="6.255"/>
  <testcase classname="com.sgtesting.testngseleniumautomation.ModifyProjectTestngSeleniumAutomation" name="deleteProject" time="9.245"/>
  <testcase classname="com.sgtesting.testngseleniumautomation.ModifyProjectTestngSeleniumAutomation" name="deleteCustomer" time="6.223"/>
  <testcase classname="com.sgtesting.testngseleniumautomation.ModifyProjectTestngSeleniumAutomation" name="logOut" time="3.51"/>
  <testcase classname="com.sgtesting.testngseleniumautomation.ModifyUserTestngSeleniumAutomation" name="logIn" time="3.155"/>
  <testcase classname="com.sgtesting.testngseleniumautomation.ModifyUserTestngSeleniumAutomation" name="minimizeFlyOutWindow" time="5.085"/>
  <testcase classname="com.sgtesting.testngseleniumautomation.ModifyUserTestngSeleniumAutomation" name="createUser" time="9.197"/>
  <testcase classname="com.sgtesting.testngseleniumautomation.ModifyUserTestngSeleniumAutomation" name="modifyUser" time="12.348"/>
  <testcase classname="com.sgtesting.testngseleniumautomation.ModifyUserTestngSeleniumAutomation" name="deleteUser" time="6.131"/>
  <testcase classname="com.sgtesting.testngseleniumautomation.ModifyUserTestngSeleniumAutomation" name="logOut" time="3.212"/>
</testsuite> <!-- ActiTime end to end -->
